[2022-03-22 12:33:54.253] WARN  [pisces-admin,spanId=,traceId=] com.alibaba.cloud.nacos.client.NacosPropertySourceBuilder 87 loadNacosData - Ignore the empty nacos configuration and get it based on dataId[pisces-admin] & group[DEFAULT_GROUP]
[2022-03-22 12:33:54.260] WARN  [pisces-admin,spanId=,traceId=] com.alibaba.cloud.nacos.client.NacosPropertySourceBuilder 87 loadNacosData - Ignore the empty nacos configuration and get it based on dataId[pisces-admin.yaml] & group[DEFAULT_GROUP]
[2022-03-22 12:34:05.436] WARN  [pisces-admin,spanId=,traceId=] org.springframework.cloud.loadbalancer.config.LoadBalancerCacheAutoConfiguration$LoadBalancerCaffeineWarnLogger 82 logWarning - Spring Cloud LoadBalancer is currently working with the default cache. You can switch to using Caffeine cache, by adding it and org.springframework.cache.caffeine.CaffeineCacheManager to the classpath.
[2022-03-22 12:34:06.032] WARN  [pisces-admin,spanId=,traceId=] com.alibaba.nacos.common.notify.NotifyCenter 145 shutdown - [NotifyCenter] Start destroying Publisher
[2022-03-22 12:34:06.032] WARN  [pisces-admin,spanId=,traceId=] com.alibaba.nacos.common.http.HttpClientBeanHolder 108 shutdown - [HttpClientBeanHolder] Start destroying common HttpClient
[2022-03-22 12:34:06.032] WARN  [pisces-admin,spanId=,traceId=] com.alibaba.nacos.common.notify.NotifyCenter 162 shutdown - [NotifyCenter] Destruction of the end
[2022-03-22 12:34:06.032] WARN  [pisces-admin,spanId=,traceId=] com.alibaba.nacos.common.http.HttpClientBeanHolder 114 shutdown - [HttpClientBeanHolder] Destruction of the end
[2022-03-22 12:34:12.689] WARN  [pisces-admin,spanId=,traceId=] com.alibaba.nacos.client.naming.net.NamingHttpClientManager 72 shutdown - [NamingHttpClientManager] Start destroying NacosRestTemplate
[2022-03-22 12:34:12.689] WARN  [pisces-admin,spanId=,traceId=] com.alibaba.nacos.client.naming.net.NamingHttpClientManager 79 shutdown - [NamingHttpClientManager] Destruction of the end
[2022-03-22 12:37:31.089] WARN  [pisces-admin,spanId=,traceId=] com.alibaba.cloud.nacos.client.NacosPropertySourceBuilder 87 loadNacosData - Ignore the empty nacos configuration and get it based on dataId[pisces-admin] & group[DEFAULT_GROUP]
[2022-03-22 12:37:31.093] WARN  [pisces-admin,spanId=,traceId=] com.alibaba.cloud.nacos.client.NacosPropertySourceBuilder 87 loadNacosData - Ignore the empty nacos configuration and get it based on dataId[pisces-admin.yaml] & group[DEFAULT_GROUP]
[2022-03-22 12:37:42.737] WARN  [pisces-admin,spanId=,traceId=] org.springframework.cloud.loadbalancer.config.LoadBalancerCacheAutoConfiguration$LoadBalancerCaffeineWarnLogger 82 logWarning - Spring Cloud LoadBalancer is currently working with the default cache. You can switch to using Caffeine cache, by adding it and org.springframework.cache.caffeine.CaffeineCacheManager to the classpath.
[2022-03-22 12:37:43.276] WARN  [pisces-admin,spanId=,traceId=] com.alibaba.nacos.common.http.HttpClientBeanHolder 108 shutdown - [HttpClientBeanHolder] Start destroying common HttpClient
[2022-03-22 12:37:43.276] WARN  [pisces-admin,spanId=,traceId=] com.alibaba.nacos.common.notify.NotifyCenter 145 shutdown - [NotifyCenter] Start destroying Publisher
[2022-03-22 12:37:43.276] WARN  [pisces-admin,spanId=,traceId=] com.alibaba.nacos.common.notify.NotifyCenter 162 shutdown - [NotifyCenter] Destruction of the end
[2022-03-22 12:37:43.277] WARN  [pisces-admin,spanId=,traceId=] com.alibaba.nacos.common.http.HttpClientBeanHolder 114 shutdown - [HttpClientBeanHolder] Destruction of the end
[2022-03-22 12:37:49.989] WARN  [pisces-admin,spanId=,traceId=] com.alibaba.nacos.client.naming.net.NamingHttpClientManager 72 shutdown - [NamingHttpClientManager] Start destroying NacosRestTemplate
[2022-03-22 12:37:49.989] WARN  [pisces-admin,spanId=,traceId=] com.alibaba.nacos.client.naming.net.NamingHttpClientManager 79 shutdown - [NamingHttpClientManager] Destruction of the end
[2022-03-22 12:43:12.780] WARN  [pisces-admin,spanId=,traceId=] com.alibaba.cloud.nacos.client.NacosPropertySourceBuilder 87 loadNacosData - Ignore the empty nacos configuration and get it based on dataId[pisces-admin] & group[DEFAULT_GROUP]
[2022-03-22 12:43:12.784] WARN  [pisces-admin,spanId=,traceId=] com.alibaba.cloud.nacos.client.NacosPropertySourceBuilder 87 loadNacosData - Ignore the empty nacos configuration and get it based on dataId[pisces-admin.yaml] & group[DEFAULT_GROUP]
[2022-03-22 12:43:23.776] WARN  [pisces-admin,spanId=,traceId=] org.springframework.cloud.loadbalancer.config.LoadBalancerCacheAutoConfiguration$LoadBalancerCaffeineWarnLogger 82 logWarning - Spring Cloud LoadBalancer is currently working with the default cache. You can switch to using Caffeine cache, by adding it and org.springframework.cache.caffeine.CaffeineCacheManager to the classpath.
[2022-03-22 12:43:24.326] WARN  [pisces-admin,spanId=,traceId=] com.alibaba.nacos.common.notify.NotifyCenter 145 shutdown - [NotifyCenter] Start destroying Publisher
[2022-03-22 12:43:24.326] WARN  [pisces-admin,spanId=,traceId=] com.alibaba.nacos.common.http.HttpClientBeanHolder 108 shutdown - [HttpClientBeanHolder] Start destroying common HttpClient
[2022-03-22 12:43:24.327] WARN  [pisces-admin,spanId=,traceId=] com.alibaba.nacos.common.notify.NotifyCenter 162 shutdown - [NotifyCenter] Destruction of the end
[2022-03-22 12:43:24.327] WARN  [pisces-admin,spanId=,traceId=] com.alibaba.nacos.common.http.HttpClientBeanHolder 114 shutdown - [HttpClientBeanHolder] Destruction of the end
[2022-03-22 12:43:31.050] WARN  [pisces-admin,spanId=,traceId=] com.alibaba.nacos.client.naming.net.NamingHttpClientManager 72 shutdown - [NamingHttpClientManager] Start destroying NacosRestTemplate
[2022-03-22 12:43:31.050] WARN  [pisces-admin,spanId=,traceId=] com.alibaba.nacos.client.naming.net.NamingHttpClientManager 79 shutdown - [NamingHttpClientManager] Destruction of the end
[2022-03-22 12:44:16.377] WARN  [pisces-admin,spanId=,traceId=] com.alibaba.cloud.nacos.client.NacosPropertySourceBuilder 87 loadNacosData - Ignore the empty nacos configuration and get it based on dataId[pisces-admin] & group[DEFAULT_GROUP]
[2022-03-22 12:44:16.381] WARN  [pisces-admin,spanId=,traceId=] com.alibaba.cloud.nacos.client.NacosPropertySourceBuilder 87 loadNacosData - Ignore the empty nacos configuration and get it based on dataId[pisces-admin.yaml] & group[DEFAULT_GROUP]
[2022-03-22 12:44:26.565] WARN  [pisces-admin,spanId=,traceId=] org.springframework.cloud.loadbalancer.config.LoadBalancerCacheAutoConfiguration$LoadBalancerCaffeineWarnLogger 82 logWarning - Spring Cloud LoadBalancer is currently working with the default cache. You can switch to using Caffeine cache, by adding it and org.springframework.cache.caffeine.CaffeineCacheManager to the classpath.
[2022-03-22 12:44:27.959] WARN  [pisces-admin,spanId=,traceId=] com.alibaba.nacos.common.notify.NotifyCenter 145 shutdown - [NotifyCenter] Start destroying Publisher
[2022-03-22 12:44:27.959] WARN  [pisces-admin,spanId=,traceId=] com.alibaba.nacos.common.http.HttpClientBeanHolder 108 shutdown - [HttpClientBeanHolder] Start destroying common HttpClient
[2022-03-22 12:44:27.959] WARN  [pisces-admin,spanId=,traceId=] com.alibaba.nacos.common.notify.NotifyCenter 162 shutdown - [NotifyCenter] Destruction of the end
[2022-03-22 12:44:27.960] WARN  [pisces-admin,spanId=,traceId=] com.alibaba.nacos.common.http.HttpClientBeanHolder 114 shutdown - [HttpClientBeanHolder] Destruction of the end
[2022-03-22 12:44:36.687] WARN  [pisces-admin,spanId=,traceId=] com.alibaba.nacos.client.naming.net.NamingHttpClientManager 72 shutdown - [NamingHttpClientManager] Start destroying NacosRestTemplate
[2022-03-22 12:44:36.687] WARN  [pisces-admin,spanId=,traceId=] com.alibaba.nacos.client.naming.net.NamingHttpClientManager 79 shutdown - [NamingHttpClientManager] Destruction of the end
[2022-03-22 13:42:33.055] WARN  [pisces-admin,spanId=,traceId=] com.alibaba.cloud.nacos.client.NacosPropertySourceBuilder 87 loadNacosData - Ignore the empty nacos configuration and get it based on dataId[pisces-admin] & group[DEFAULT_GROUP]
[2022-03-22 13:42:33.058] WARN  [pisces-admin,spanId=,traceId=] com.alibaba.cloud.nacos.client.NacosPropertySourceBuilder 87 loadNacosData - Ignore the empty nacos configuration and get it based on dataId[pisces-admin.yaml] & group[DEFAULT_GROUP]
[2022-03-22 13:42:43.707] WARN  [pisces-admin,spanId=,traceId=] org.springframework.cloud.loadbalancer.config.LoadBalancerCacheAutoConfiguration$LoadBalancerCaffeineWarnLogger 82 logWarning - Spring Cloud LoadBalancer is currently working with the default cache. You can switch to using Caffeine cache, by adding it and org.springframework.cache.caffeine.CaffeineCacheManager to the classpath.
[2022-03-22 13:42:45.126] WARN  [pisces-admin,spanId=,traceId=] com.alibaba.nacos.common.http.HttpClientBeanHolder 108 shutdown - [HttpClientBeanHolder] Start destroying common HttpClient
[2022-03-22 13:42:45.126] WARN  [pisces-admin,spanId=,traceId=] com.alibaba.nacos.common.notify.NotifyCenter 145 shutdown - [NotifyCenter] Start destroying Publisher
[2022-03-22 13:42:45.126] WARN  [pisces-admin,spanId=,traceId=] com.alibaba.nacos.common.notify.NotifyCenter 162 shutdown - [NotifyCenter] Destruction of the end
[2022-03-22 13:42:45.126] WARN  [pisces-admin,spanId=,traceId=] com.alibaba.nacos.common.http.HttpClientBeanHolder 114 shutdown - [HttpClientBeanHolder] Destruction of the end
[2022-03-22 13:42:53.835] WARN  [pisces-admin,spanId=,traceId=] com.alibaba.nacos.client.naming.net.NamingHttpClientManager 72 shutdown - [NamingHttpClientManager] Start destroying NacosRestTemplate
[2022-03-22 13:42:53.835] WARN  [pisces-admin,spanId=,traceId=] com.alibaba.nacos.client.naming.net.NamingHttpClientManager 79 shutdown - [NamingHttpClientManager] Destruction of the end
